Flutter crash report; please file at https://github.com/flutter/flutter/issues.

## command

flutter run

## exception

String: Exit code 1 from: F:\Programming\Practises\flutter\instagramclone\android\gradlew.bat -v:
Exception in thread "main" java.lang.RuntimeException: Could not load wrapper properties from 'F:\Programming\Practises\flutter\instagramclone\android\gradle\wrapper\gradle-wrapper.properties'.
	at org.gradle.wrapper.WrapperExecutor.<init>(WrapperExecutor.java:64)
	at org.gradle.wrapper.WrapperExecutor.forWrapperPropertiesFile(WrapperExecutor.java:47)
	at org.gradle.wrapper.GradleWrapperMain.main(GradleWrapperMain.java:60)
Caused by: java.net.URISyntaxException: Illegal character in path at index 10: C:/Program Files/Android/Android Studio/gradle/gradle-4.6-all.zip
	at java.net.URI$Parser.fail(URI.java:2848)
	at java.net.URI$Parser.checkChars(URI.java:3021)
	at java.net.URI$Parser.parseHierarchical(URI.java:3105)
	at java.net.URI$Parser.parse(URI.java:3053)
	at java.net.URI.<init>(URI.java:588)
	at org.gradle.wrapper.WrapperExecutor.readDistroUrl(WrapperExecutor.java:81)
	at org.gradle.wrapper.WrapperExecutor.prepareDistributionUri(WrapperExecutor.java:70)
	at org.gradle.wrapper.WrapperExecutor.<init>(WrapperExecutor.java:57)
	... 2 more

```
#0      runCheckedAsync (package:flutter_tools/src/base/process.dart:242)
<asynchronous suspension>
#1      _initializeGradle (package:flutter_tools/src/android/gradle.dart:177)
<asynchronous suspension>
#2      _ensureGradle (package:flutter_tools/src/android/gradle.dart:159)
<asynchronous suspension>
#3      _readGradleProject (package:flutter_tools/src/android/gradle.dart:94)
<asynchronous suspension>
#4      _gradleProject (package:flutter_tools/src/android/gradle.dart:87)
<asynchronous suspension>
#5      getGradleAppOut (package:flutter_tools/src/android/gradle.dart:81)
<asynchronous suspension>
#6      AndroidApk.fromCurrentDirectory (package:flutter_tools/src/application_package.dart:86)
<asynchronous suspension>
#7      getApplicationPackageForPlatform (package:flutter_tools/src/application_package.dart:270)
<asynchronous suspension>
#8      FlutterDevice.runHot (package:flutter_tools/src/resident_runner.dart:262)
<asynchronous suspension>
#9      HotRunner.run (package:flutter_tools/src/run_hot.dart:216)
<asynchronous suspension>
#10     RunCommand.runCommand (package:flutter_tools/src/commands/run.dart:345)
<asynchronous suspension>
#11     FlutterCommand.verifyThenRunCommand (package:flutter_tools/src/runner/flutter_command.dart:290)
<asynchronous suspension>
#12     FlutterCommand.run (package:flutter_tools/src/runner/flutter_command.dart:228)
<asynchronous suspension>
#13     CommandRunner.runCommand (package:args/command_runner.dart:194)
<asynchronous suspension>
#14     FlutterCommandRunner.runCommand (package:flutter_tools/src/runner/flutter_command_runner.dart:286)
<asynchronous suspension>
#15     CommandRunner.run.<anonymous closure> (package:args/command_runner.dart:109)
#16     new Future.sync (dart:async/future.dart:222)
#17     CommandRunner.run (package:args/command_runner.dart:109)
#18     FlutterCommandRunner.run (package:flutter_tools/src/runner/flutter_command_runner.dart:166)
#19     run.<anonymous closure> (package:flutter_tools/runner.dart:90)
<asynchronous suspension>
#20     AppContext._run (package:flutter_tools/src/base/context.dart:76)
<asynchronous suspension>
#21     AppContext.runInZone.<anonymous closure> (package:flutter_tools/src/base/context.dart:66)
#22     _rootRun (dart:async/zone.dart:1126)
#23     _CustomZone.run (dart:async/zone.dart:1023)
#24     runZoned (dart:async/zone.dart:1501)
#25     AppContext.runInZone (package:flutter_tools/src/base/context.dart:65)
#26     run (package:flutter_tools/runner.dart:61)
<asynchronous suspension>
#27     main (package:flutter_tools/executable.dart:48)
<asynchronous suspension>
#28     main (file:///C:/Users/Mahmoud/flutter/flutter/packages/flutter_tools/bin/flutter_tools.dart:16)
#29     _startIsolate.<anonymous closure> (dart:isolate-patch/dart:isolate/isolate_patch.dart:277)
#30     _RawReceivePortImpl._handleMessage (dart:isolate-patch/dart:isolate/isolate_patch.dart:165)
```

## flutter doctor

```
[✓] Flutter (Channel beta, v0.1.5, on Microsoft Windows [Version 10.0.16299.15], locale en-US)
    • Flutter version 0.1.5 at C:\Users\Mahmoud\flutter\flutter
    • Framework revision 3ea4d06340 (7 days ago), 2018-02-22 11:12:39 -0800
    • Engine revision ead227f118
    • Dart version 2.0.0-dev.28.0.flutter-0b4f01f759

[✓] Android toolchain - develop for Android devices (Android SDK 27.0.3)
    • Android SDK at C:\Users\Mahmoud\AppData\Local\Android\Sdk
    • Android NDK location not configured (optional; useful for native profiling support)
    • Platform android-27, build-tools 27.0.3
    • ANDROID_HOME = C:\Users\Mahmoud\AppData\Local\Android\Sdk
    • Java binary at: C:\Program Files\Android\Android Studio\jre\bin\java
    • Java version OpenJDK Runtime Environment (build 1.8.0_152-release-915-b01)

[✓] Android Studio (version 3.0)
    • Android Studio at C:\Program Files\Android\Android Studio
    • Java version OpenJDK Runtime Environment (build 1.8.0_152-release-915-b01)

[✓] VS Code (version 1.20.1)
    • VS Code at C:\Program Files\Microsoft VS Code
    • Dart Code extension version 2.9.2

[✓] Connected devices (1 available)
    • Android SDK built for x86 64 • emulator-5554 • android-x64 • Android 6.0 (API 23) (emulator)

• No issues found!
```
